<?xml version="1.0" encoding="UTF-8"?>
<!-- Generated by org.testng.reporters.JUnitXMLReporter -->
<testsuite ignored="0" hostname="LTIN202545" failures="0" tests="5" name="Test1" time="164.206" errors="0" timestamp="2024-02-11T12:03:58 IST">
  <testcase classname="TestCases.TC_001_FindDetailsOfBookShelves" name="searchbookshelves" time="61.676"/>
  <testcase classname="TestCases.TC_002_ItemsUnderLiving" name="Items" time="15.956"/>
  <testcase classname="TestCases.TC_003_GiftCards1" name="ClickGiftCards" time="35.836"/>
  <testcase classname="TestCases.TC_003_GiftCards1" name="GetErrorMsg" time="11.242"/>
  <testcase classname="TestCases.TC_003_GiftCards1" name="ValidateDetails" time="19.962"/>
</testsuite> <!-- Test1 -->
