<?xml version="1.0" encoding="UTF-8"?>
<!-- Generated by org.testng.reporters.JUnitXMLReporter -->
<testsuite ignored="0" hostname="LTIN202545" failures="0" tests="5" name="Test1" time="169.155" errors="0" timestamp="2024-02-11T16:57:10 IST">
  <testcase classname="TestCases.TC_001_FindDetailsOfBookShelves" name="searchbookshelves" time="46.66"/>
  <testcase classname="TestCases.TC_002_ItemsUnderLiving" name="Items" time="16.207"/>
  <testcase classname="TestCases.TC_003_GiftCards1" name="ClickGiftCards" time="38.733"/>
  <testcase classname="TestCases.TC_003_GiftCards1" name="GetErrorMsg" time="11.286"/>
  <testcase classname="TestCases.TC_003_GiftCards1" name="ValidateDetails" time="20.457"/>
</testsuite> <!-- Test1 -->
