<?xml version="1.0" encoding="UTF-8"?>
<testng-results ignored="0" total="5" passed="5" failed="0" skipped="0">
  <reporter-output>
  </reporter-output>
  <suite started-at="2024-02-11T16:54:20 IST" name="Suite" finished-at="2024-02-11T16:57:09 IST" duration-ms="169155">
    <groups>
    </groups>
    <test started-at="2024-02-11T16:54:20 IST" name="Test1" finished-at="2024-02-11T16:57:09 IST" duration-ms="169155">
      <class name="TestCases.TC_003_GiftCards1">
        <test-method is-config="true" signature="setUp(java.lang.String,java.lang.String)[pri:0, instance:TestCases.TC_003_GiftCards1@399f45b1]" started-at="2024-02-11T16:54:21 IST" name="setUp" finished-at="2024-02-11T16:54:43 IST" duration-ms="22816" status="PASS">
          <params>
            <param index="0">
              <value>
                <![CDATA[Windows]]>
              </value>
            </param>
            <param index="1">
              <value>
                <![CDATA[chrome]]>
              </value>
            </param>
          </params>
          <reporter-output>
          </reporter-output>
        </test-method> <!-- setUp -->
        <test-method signature="searchbookshelves()[pri:1, instance:TestCases.TC_003_GiftCards1@399f45b1]" started-at="2024-02-11T16:54:43 IST" name="searchbookshelves" finished-at="2024-02-11T16:55:30 IST" duration-ms="46660" status="PASS">
          <reporter-output>
          </reporter-output>
        </test-method> <!-- searchbookshelves -->
        <test-method signature="Items()[pri:3, instance:TestCases.TC_003_GiftCards1@399f45b1]" started-at="2024-02-11T16:55:31 IST" name="Items" finished-at="2024-02-11T16:55:47 IST" duration-ms="16207" status="PASS">
          <reporter-output>
          </reporter-output>
        </test-method> <!-- Items -->
        <test-method signature="ClickGiftCards(java.lang.String,java.lang.String,java.lang.String,java.lang.String,java.lang.String,java.lang.String,java.lang.String,java.lang.String,java.lang.String,java.lang.String,java.lang.String)[pri:4, instance:TestCases.TC_003_GiftCards1@399f45b1]" started-at="2024-02-11T16:55:51 IST" name="ClickGiftCards" data-provider="giftData" finished-at="2024-02-11T16:56:30 IST" duration-ms="38733" status="PASS">
          <params>
            <param index="0">
              <value>
                <![CDATA[1500]]>
              </value>
            </param>
            <param index="1">
              <value>
                <![CDATA[Rocket]]>
              </value>
            </param>
            <param index="2">
              <value>
                <![CDATA[bikash07@gmail.com]]>
              </value>
            </param>
            <param index="3">
              <value>
                <![CDATA[8945272835]]>
              </value>
            </param>
            <param index="4">
              <value>
                <![CDATA[Bikash]]>
              </value>
            </param>
            <param index="5">
              <value>
                <![CDATA[bikashdalai07@gmail.com]]>
              </value>
            </param>
            <param index="6">
              <value>
                <![CDATA[8050234147]]>
              </value>
            </param>
            <param index="7">
              <value>
                <![CDATA[Nagavara]]>
              </value>
            </param>
            <param index="8">
              <value>
                <![CDATA[560045]]>
              </value>
            </param>
            <param index="9">
              <value>
                <![CDATA[Bangalore]]>
              </value>
            </param>
            <param index="10">
              <value>
                <![CDATA[bikash07@gmail]]>
              </value>
            </param>
          </params>
          <reporter-output>
          </reporter-output>
        </test-method> <!-- ClickGiftCards -->
        <test-method signature="GetErrorMsg()[pri:5, instance:TestCases.TC_003_GiftCards1@399f45b1]" started-at="2024-02-11T16:56:31 IST" name="GetErrorMsg" finished-at="2024-02-11T16:56:42 IST" duration-ms="11286" status="PASS">
          <reporter-output>
          </reporter-output>
        </test-method> <!-- GetErrorMsg -->
        <test-method signature="ValidateDetails(java.lang.String,java.lang.String,java.lang.String,java.lang.String,java.lang.String,java.lang.String,java.lang.String,java.lang.String,java.lang.String,java.lang.String,java.lang.String)[pri:6, instance:TestCases.TC_003_GiftCards1@399f45b1]" started-at="2024-02-11T16:56:44 IST" name="ValidateDetails" data-provider="giftData" finished-at="2024-02-11T16:57:05 IST" duration-ms="20457" status="PASS">
          <params>
            <param index="0">
              <value>
                <![CDATA[1500]]>
              </value>
            </param>
            <param index="1">
              <value>
                <![CDATA[Rocket]]>
              </value>
            </param>
            <param index="2">
              <value>
                <![CDATA[bikash07@gmail.com]]>
              </value>
            </param>
            <param index="3">
              <value>
                <![CDATA[8945272835]]>
              </value>
            </param>
            <param index="4">
              <value>
                <![CDATA[Bikash]]>
              </value>
            </param>
            <param index="5">
              <value>
                <![CDATA[bikashdalai07@gmail.com]]>
              </value>
            </param>
            <param index="6">
              <value>
                <![CDATA[8050234147]]>
              </value>
            </param>
            <param index="7">
              <value>
                <![CDATA[Nagavara]]>
              </value>
            </param>
            <param index="8">
              <value>
                <![CDATA[560045]]>
              </value>
            </param>
            <param index="9">
              <value>
                <![CDATA[Bangalore]]>
              </value>
            </param>
            <param index="10">
              <value>
                <![CDATA[bikash07@gmail]]>
              </value>
            </param>
          </params>
          <reporter-output>
          </reporter-output>
        </test-method> <!-- ValidateDetails -->
        <test-method is-config="true" signature="tearDown()[pri:0, instance:TestCases.TC_003_GiftCards1@399f45b1]" started-at="2024-02-11T16:57:07 IST" name="tearDown" finished-at="2024-02-11T16:57:09 IST" duration-ms="1859" status="PASS">
          <reporter-output>
          </reporter-output>
        </test-method> <!-- tearDown -->
      </class> <!-- TestCases.TC_003_GiftCards1 -->
    </test> <!-- Test1 -->
  </suite> <!-- Suite -->
</testng-results>
